Arguments: 
  C:\Program Files\nodejs\node.exe C:\Program Files (x86)\Yarn\bin\yarn.js install

PATH: 
  C:\Program Files\Common Files\Oracle\Java\javapath;C:\Python39\Scripts\;C:\Python39\;C:\WINDOWS\system32;C:\WINDOWS;C:\WINDOWS\System32\Wbem;C:\WINDOWS\System32\WindowsPowerShell\v1.0\;C:\Program Files\Git\cmd;C:\WINDOWS\System32\OpenSSH\;C:\Program Files\nodejs\;C:\ProgramData\chocolatey\bin;C:\Program Files (x86)\Yarn\bin\;C:\Program Files\MySQL\MySQL Shell 8.0\bin\;C:\Users\Didierm\AppData\Local\Programs\Microsoft VS Code\bin;C:\Users\Didierm\AppData\Local\Microsoft\WindowsApps;C:\Users\Didierm\AppData\Roaming\npm;C:\Users\Didierm\AppData\Local\Yarn\bin;C:\Program Files\JetBrains\IntelliJ IDEA 2021.1.1\bin;;C:\Program Files\JetBrains\CLion 2021.1.1\bin;;C:\Program Files\heroku\bin

Yarn version: 
  1.22.5

Node version: 
  14.16.1

Platform: 
  win32 x64

Trace: 
  Error: EPERM: operation not permitted, unlink 'C:\Users\Didierm\Documents\TMP\Munezero\munezero.me\node_modules\esbuild\esbuild.exe'

npm manifest: 
  {
    "name": "munezero.me",
    "version": "0.0.1",
    "scripts": {
      "dev": "svelte-kit dev --host --open",
      "build": "svelte-kit build",
      "preview": "svelte-kit preview",
      "lint": "prettier --check --plugin-search-dir=. . && eslint --ignore-path .gitignore .",
      "format": "prettier --write --plugin-search-dir=. ."
    },
    "devDependencies": {
      "@sveltejs/adapter-static": "^1.0.0-next.0",
      "@sveltejs/kit": "next",
      "@typescript-eslint/eslint-plugin": "^4.19.0",
      "@typescript-eslint/parser": "^4.19.0",
      "eslint": "^7.22.0",
      "eslint-config-prettier": "^8.1.0",
      "eslint-plugin-svelte3": "^3.2.0",
      "prettier": "~2.2.1",
      "prettier-plugin-svelte": "^2.2.0",
      "svelte": "^3.34.0",
      "svelte-preprocess": "^4.0.0",
      "tslib": "^2.0.0",
      "typescript": "^4.0.0"
    },
    "type": "module",
    "dependencies": {
      "@fontsource/fira-mono": "^4.2.2",
      "@lukeed/uuid": "^2.0.0",
      "cookie": "^0.4.1"
    }
  }

yarn manifest: 
  No manifest

Lockfile: 
  No lockfile
